[INFO] Scanning for projects...
[INFO] ------------------------------------------------------------------------
[INFO] Detecting the operating system and CPU architecture
[INFO] ------------------------------------------------------------------------
[INFO] os.detected.name: linux
[INFO] os.detected.arch: x86_64
[INFO] os.detected.version: 5.15
[INFO] os.detected.version.major: 5
[INFO] os.detected.version.minor: 15
[INFO] os.detected.release: ubuntu
[INFO] os.detected.release.version: 22.04
[INFO] os.detected.release.like.ubuntu: true
[INFO] os.detected.release.like.debian: true
[INFO] os.detected.classifier: linux-x86_64
[INFO] 
[INFO] --------------------< org.apache.pinot:pinot-core >---------------------
[INFO] Building Pinot Core 0.13.0-SNAPSHOT
[INFO] --------------------------------[ jar ]---------------------------------
[INFO] 
[INFO] >>> nondex-maven-plugin:2.1.1:nondex (default-cli) > test-compile @ pinot-core >>>
[INFO] 
[INFO] --- maven-checkstyle-plugin:3.1.2:check (checkstyle) @ pinot-core ---
[INFO] You have 0 Checkstyle violations.
[INFO] 
[INFO] --- buildnumber-maven-plugin:1.3:create (default) @ pinot-core ---
[INFO] Executing: /bin/sh -c cd /coconut/jun-data/flaky_test/repo/workspace/pinot/pinot-core && git rev-parse --verify HEAD
[INFO] Working directory: /coconut/jun-data/flaky_test/repo/workspace/pinot/pinot-core
[INFO] Storing buildNumber: 0362ad369db15b696b733038d16f3a129585b660 at timestamp: 1679081582891
[INFO] Storing buildScmBranch: master
[INFO] 
[INFO] --- maven-enforcer-plugin:3.0.0-M3:enforce (enforce-dependency-convergence) @ pinot-core ---
[INFO] 
[INFO] --- maven-enforcer-plugin:3.0.0-M3:enforce (enforce-maven-version) @ pinot-core ---
[INFO] 
[INFO] --- jacoco-maven-plugin:0.8.6:prepare-agent (default) @ pinot-core ---
[INFO] argLine set to -javaagent:/coconut/jun-data/.m2_mirror/repository/org/jacoco/org.jacoco.agent/0.8.6/org.jacoco.agent-0.8.6-runtime.jar=destfile=/coconut/jun-data/flaky_test/repo/workspace/pinot/pinot-core/target/jacoco.exec,includes=org/apache/pinot/**/* -Xms4g -Xmx4g
[INFO] 
[INFO] --- maven-remote-resources-plugin:1.6.0:process (process-resource-bundles) @ pinot-core ---
[INFO] Preparing remote bundle org.apache:apache-jar-resource-bundle:1.4
[INFO] Copying 3 resources from 1 bundle.
[INFO] 
[INFO] --- maven-remote-resources-plugin:1.6.0:process (default) @ pinot-core ---
[INFO] Preparing remote bundle org.apache:apache-jar-resource-bundle:1.4
[INFO] Copying 3 resources from 1 bundle.
[INFO] 
[INFO] --- maven-resources-plugin:2.6:resources (default-resources) @ pinot-core ---
[INFO] Using 'UTF-8' encoding to copy filtered resources.
[INFO] skip non existing resourceDirectory /coconut/jun-data/flaky_test/repo/workspace/pinot/pinot-core/src/main/resources
[INFO] Copying 3 resources
[INFO] Copying 3 resources
[INFO] 
[INFO] --- maven-compiler-plugin:3.8.0:compile (default-compile) @ pinot-core ---
[INFO] Nothing to compile - all classes are up to date
[INFO] 
[INFO] --- maven-resources-plugin:2.6:testResources (default-testResources) @ pinot-core ---
[INFO] Using 'UTF-8' encoding to copy filtered resources.
[INFO] Copying 47 resources
[INFO] Copying 3 resources
[INFO] Copying 3 resources
[INFO] 
[INFO] --- maven-compiler-plugin:3.8.0:testCompile (default-testCompile) @ pinot-core ---
[INFO] Nothing to compile - all classes are up to date
[INFO] 
[INFO] <<< nondex-maven-plugin:2.1.1:nondex (default-cli) < test-compile @ pinot-core <<<
[INFO] 
[INFO] 
[INFO] --- nondex-maven-plugin:2.1.1:nondex (default-cli) @ pinot-core ---
INFO: The original argline is: -Xms4g -Xmx4g
INFO: Creating new argline for Surefire
CONFIG: nondexFilter=.*
nondexMode=FULL
nondexSeed=933178
nondexStart=0
nondexEnd=9223372036854775807
nondexPrintstack=false
nondexDir=/coconut/jun-data/flaky_test/repo/workspace/pinot/pinot-core/.nondex
nondexJarDir=.nondex
nondexExecid=clean_9iWrmbzTq08nIZF+u7OERKhqA4wNR9AA4GKWGL+YEXE=
nondexLogging=CONFIG
test=
[INFO] 
[INFO] -------------------------------------------------------
[INFO]  T E S T S
[INFO] -------------------------------------------------------
[INFO] Running org.apache.pinot.core.util.CrcUtilsTest
[INFO] Tests run: 1, Failures: 0, Errors: 0, Skipped: 0, Time elapsed: 3.748 s - in org.apache.pinot.core.util.CrcUtilsTest
[INFO] org.apache.pinot.core.util.CrcUtilsTest.test1  Time elapsed: 3.637 s
[INFO] 
[INFO] Results:
[INFO] 
[INFO] Tests run: 1, Failures: 0, Errors: 0, Skipped: 0
[INFO] 
INFO: Adding excluded groups to newly created one
INFO: Creating new argline for Surefire
CONFIG: nondexFilter=.*
nondexMode=FULL
nondexSeed=933178
nondexStart=0
nondexEnd=9223372036854775807
nondexPrintstack=false
nondexDir=/coconut/jun-data/flaky_test/repo/workspace/pinot/pinot-core/.nondex
nondexJarDir=/coconut/jun-data/flaky_test/repo/workspace/pinot/pinot-core/.nondex
nondexExecid=VwGd2bcPhxSiL74bTIWqHJqoVN9Gt7Zas04uaSaKHUk=
nondexLogging=CONFIG
test=
[INFO] 
[INFO] -------------------------------------------------------
[INFO]  T E S T S
[INFO] -------------------------------------------------------
[INFO] Running org.apache.pinot.core.util.CrcUtilsTest
[ERROR] Tests run: 1, Failures: 1, Errors: 0, Skipped: 0, Time elapsed: 25.565 s <<< FAILURE! - in org.apache.pinot.core.util.CrcUtilsTest
[ERROR] org.apache.pinot.core.util.CrcUtilsTest.test1  Time elapsed: 25.446 s  <<< FAILURE!
java.lang.AssertionError: expected [2212666773] but found [634756501]
	at org.testng.Assert.fail(Assert.java:93)
	at org.testng.Assert.failNotEquals(Assert.java:512)
	at org.testng.Assert.assertEqualsImpl(Assert.java:134)
	at org.testng.Assert.assertEquals(Assert.java:115)
	at org.testng.Assert.assertEquals(Assert.java:283)
	at org.testng.Assert.assertEquals(Assert.java:293)
	at org.apache.pinot.core.util.CrcUtilsTest.test1(CrcUtilsTest.java:64)
	at java.base/jdk.internal.reflect.NativeMethodAccessorImpl.invoke0(Native Method)
	at java.base/jdk.internal.reflect.NativeMethodAccessorImpl.invoke(NativeMethodAccessorImpl.java:62)
	at java.base/jdk.internal.reflect.DelegatingMethodAccessorImpl.invoke(DelegatingMethodAccessorImpl.java:43)
	at java.base/java.lang.reflect.Method.invoke(Method.java:566)
	at org.testng.internal.MethodInvocationHelper.invokeMethod(MethodInvocationHelper.java:108)
	at org.testng.internal.Invoker.invokeMethod(Invoker.java:661)
	at org.testng.internal.Invoker.invokeTestMethod(Invoker.java:869)
	at org.testng.internal.Invoker.invokeTestMethods(Invoker.java:1193)
	at org.testng.internal.TestMethodWorker.invokeTestMethods(TestMethodWorker.java:126)
	at org.testng.internal.TestMethodWorker.run(TestMethodWorker.java:109)
	at org.testng.TestRunner.privateRun(TestRunner.java:744)
	at org.testng.TestRunner.run(TestRunner.java:602)
	at org.testng.SuiteRunner.runTest(SuiteRunner.java:380)
	at org.testng.SuiteRunner.runSequentially(SuiteRunner.java:375)
	at org.testng.SuiteRunner.privateRun(SuiteRunner.java:340)
	at org.testng.SuiteRunner.run(SuiteRunner.java:289)
	at org.testng.SuiteRunnerWorker.runSuite(SuiteRunnerWorker.java:52)
	at org.testng.SuiteRunnerWorker.run(SuiteRunnerWorker.java:86)
	at org.testng.TestNG.runSuitesSequentially(TestNG.java:1301)
	at org.testng.TestNG.runSuitesLocally(TestNG.java:1226)
	at org.testng.TestNG.runSuites(TestNG.java:1144)
	at org.testng.TestNG.run(TestNG.java:1115)
	at org.apache.maven.surefire.testng.TestNGExecutor.run(TestNGExecutor.java:136)
	at org.apache.maven.surefire.testng.TestNGDirectoryTestSuite.executeSingleClass(TestNGDirectoryTestSuite.java:112)
	at org.apache.maven.surefire.testng.TestNGDirectoryTestSuite.execute(TestNGDirectoryTestSuite.java:99)
	at org.apache.maven.surefire.testng.TestNGProvider.invoke(TestNGProvider.java:145)
	at org.apache.maven.surefire.booter.ForkedBooter.runSuitesInProcess(ForkedBooter.java:428)
	at org.apache.maven.surefire.booter.ForkedBooter.execute(ForkedBooter.java:162)
	at org.apache.maven.surefire.booter.ForkedBooter.run(ForkedBooter.java:562)
	at org.apache.maven.surefire.booter.ForkedBooter.main(ForkedBooter.java:548)

[INFO] 
[INFO] Results:
[INFO] 
[ERROR] Failures: 
[ERROR]   CrcUtilsTest.test1:64 expected [2212666773] but found [634756501]
[INFO] 
[ERROR] Tests run: 1, Failures: 1, Errors: 0, Skipped: 0
[INFO] 
INFO: Surefire failed when running tests for VwGd2bcPhxSiL74bTIWqHJqoVN9Gt7Zas04uaSaKHUk=
INFO: Adding excluded groups to newly created one
INFO: Creating new argline for Surefire
CONFIG: nondexFilter=.*
nondexMode=FULL
nondexSeed=974622
nondexStart=0
nondexEnd=9223372036854775807
nondexPrintstack=false
nondexDir=/coconut/jun-data/flaky_test/repo/workspace/pinot/pinot-core/.nondex
nondexJarDir=/coconut/jun-data/flaky_test/repo/workspace/pinot/pinot-core/.nondex
nondexExecid=XeGcntYPtk0KdUriYaxTWShfiYrPK9i285ftin7fM=
nondexLogging=CONFIG
test=
[INFO] 
[INFO] -------------------------------------------------------
[INFO]  T E S T S
[INFO] -------------------------------------------------------
[INFO] Running org.apache.pinot.core.util.CrcUtilsTest
[ERROR] Tests run: 1, Failures: 1, Errors: 0, Skipped: 0, Time elapsed: 25.249 s <<< FAILURE! - in org.apache.pinot.core.util.CrcUtilsTest
[ERROR] org.apache.pinot.core.util.CrcUtilsTest.test1  Time elapsed: 25.132 s  <<< FAILURE!
java.lang.AssertionError: expected [4197490069] but found [2501811605]
	at org.testng.Assert.fail(Assert.java:93)
	at org.testng.Assert.failNotEquals(Assert.java:512)
	at org.testng.Assert.assertEqualsImpl(Assert.java:134)
	at org.testng.Assert.assertEquals(Assert.java:115)
	at org.testng.Assert.assertEquals(Assert.java:283)
	at org.testng.Assert.assertEquals(Assert.java:293)
	at org.apache.pinot.core.util.CrcUtilsTest.test1(CrcUtilsTest.java:64)
	at java.base/jdk.internal.reflect.NativeMethodAccessorImpl.invoke0(Native Method)
	at java.base/jdk.internal.reflect.NativeMethodAccessorImpl.invoke(NativeMethodAccessorImpl.java:62)
	at java.base/jdk.internal.reflect.DelegatingMethodAccessorImpl.invoke(DelegatingMethodAccessorImpl.java:43)
	at java.base/java.lang.reflect.Method.invoke(Method.java:566)
	at org.testng.internal.MethodInvocationHelper.invokeMethod(MethodInvocationHelper.java:108)
	at org.testng.internal.Invoker.invokeMethod(Invoker.java:661)
	at org.testng.internal.Invoker.invokeTestMethod(Invoker.java:869)
	at org.testng.internal.Invoker.invokeTestMethods(Invoker.java:1193)
	at org.testng.internal.TestMethodWorker.invokeTestMethods(TestMethodWorker.java:126)
	at org.testng.internal.TestMethodWorker.run(TestMethodWorker.java:109)
	at org.testng.TestRunner.privateRun(TestRunner.java:744)
	at org.testng.TestRunner.run(TestRunner.java:602)
	at org.testng.SuiteRunner.runTest(SuiteRunner.java:380)
	at org.testng.SuiteRunner.runSequentially(SuiteRunner.java:375)
	at org.testng.SuiteRunner.privateRun(SuiteRunner.java:340)
	at org.testng.SuiteRunner.run(SuiteRunner.java:289)
	at org.testng.SuiteRunnerWorker.runSuite(SuiteRunnerWorker.java:52)
	at org.testng.SuiteRunnerWorker.run(SuiteRunnerWorker.java:86)
	at org.testng.TestNG.runSuitesSequentially(TestNG.java:1301)
	at org.testng.TestNG.runSuitesLocally(TestNG.java:1226)
	at org.testng.TestNG.runSuites(TestNG.java:1144)
	at org.testng.TestNG.run(TestNG.java:1115)
	at org.apache.maven.surefire.testng.TestNGExecutor.run(TestNGExecutor.java:136)
	at org.apache.maven.surefire.testng.TestNGDirectoryTestSuite.executeSingleClass(TestNGDirectoryTestSuite.java:112)
	at org.apache.maven.surefire.testng.TestNGDirectoryTestSuite.execute(TestNGDirectoryTestSuite.java:99)
	at org.apache.maven.surefire.testng.TestNGProvider.invoke(TestNGProvider.java:145)
	at org.apache.maven.surefire.booter.ForkedBooter.runSuitesInProcess(ForkedBooter.java:428)
	at org.apache.maven.surefire.booter.ForkedBooter.execute(ForkedBooter.java:162)
	at org.apache.maven.surefire.booter.ForkedBooter.run(ForkedBooter.java:562)
	at org.apache.maven.surefire.booter.ForkedBooter.main(ForkedBooter.java:548)

[INFO] 
[INFO] Results:
[INFO] 
[ERROR] Failures: 
[ERROR]   CrcUtilsTest.test1:64 expected [4197490069] but found [2501811605]
[INFO] 
[ERROR] Tests run: 1, Failures: 1, Errors: 0, Skipped: 0
[INFO] 
INFO: Surefire failed when running tests for XeGcntYPtk0KdUriYaxTWShfiYrPK9i285ftin7fM=
INFO: Adding excluded groups to newly created one
INFO: Creating new argline for Surefire
CONFIG: nondexFilter=.*
nondexMode=FULL
nondexSeed=1016066
nondexStart=0
nondexEnd=9223372036854775807
nondexPrintstack=false
nondexDir=/coconut/jun-data/flaky_test/repo/workspace/pinot/pinot-core/.nondex
nondexJarDir=/coconut/jun-data/flaky_test/repo/workspace/pinot/pinot-core/.nondex
nondexExecid=kkn4bujU0LoByan8Q3D+SdV8py2g9FyaPssnkR6FJk=
nondexLogging=CONFIG
test=
[INFO] 
[INFO] -------------------------------------------------------
[INFO]  T E S T S
[INFO] -------------------------------------------------------
[INFO] Running org.apache.pinot.core.util.CrcUtilsTest
[ERROR] Tests run: 1, Failures: 1, Errors: 0, Skipped: 0, Time elapsed: 25.304 s <<< FAILURE! - in org.apache.pinot.core.util.CrcUtilsTest
[ERROR] org.apache.pinot.core.util.CrcUtilsTest.test1  Time elapsed: 25.181 s  <<< FAILURE!
java.lang.AssertionError: expected [767270293] but found [1553571221]
	at org.testng.Assert.fail(Assert.java:93)
	at org.testng.Assert.failNotEquals(Assert.java:512)
	at org.testng.Assert.assertEqualsImpl(Assert.java:134)
	at org.testng.Assert.assertEquals(Assert.java:115)
	at org.testng.Assert.assertEquals(Assert.java:283)
	at org.testng.Assert.assertEquals(Assert.java:293)
	at org.apache.pinot.core.util.CrcUtilsTest.test1(CrcUtilsTest.java:64)
	at java.base/jdk.internal.reflect.NativeMethodAccessorImpl.invoke0(Native Method)
	at java.base/jdk.internal.reflect.NativeMethodAccessorImpl.invoke(NativeMethodAccessorImpl.java:62)
	at java.base/jdk.internal.reflect.DelegatingMethodAccessorImpl.invoke(DelegatingMethodAccessorImpl.java:43)
	at java.base/java.lang.reflect.Method.invoke(Method.java:566)
	at org.testng.internal.MethodInvocationHelper.invokeMethod(MethodInvocationHelper.java:108)
	at org.testng.internal.Invoker.invokeMethod(Invoker.java:661)
	at org.testng.internal.Invoker.invokeTestMethod(Invoker.java:869)
	at org.testng.internal.Invoker.invokeTestMethods(Invoker.java:1193)
	at org.testng.internal.TestMethodWorker.invokeTestMethods(TestMethodWorker.java:126)
	at org.testng.internal.TestMethodWorker.run(TestMethodWorker.java:109)
	at org.testng.TestRunner.privateRun(TestRunner.java:744)
	at org.testng.TestRunner.run(TestRunner.java:602)
	at org.testng.SuiteRunner.runTest(SuiteRunner.java:380)
	at org.testng.SuiteRunner.runSequentially(SuiteRunner.java:375)
	at org.testng.SuiteRunner.privateRun(SuiteRunner.java:340)
	at org.testng.SuiteRunner.run(SuiteRunner.java:289)
	at org.testng.SuiteRunnerWorker.runSuite(SuiteRunnerWorker.java:52)
	at org.testng.SuiteRunnerWorker.run(SuiteRunnerWorker.java:86)
	at org.testng.TestNG.runSuitesSequentially(TestNG.java:1301)
	at org.testng.TestNG.runSuitesLocally(TestNG.java:1226)
	at org.testng.TestNG.runSuites(TestNG.java:1144)
	at org.testng.TestNG.run(TestNG.java:1115)
	at org.apache.maven.surefire.testng.TestNGExecutor.run(TestNGExecutor.java:136)
	at org.apache.maven.surefire.testng.TestNGDirectoryTestSuite.executeSingleClass(TestNGDirectoryTestSuite.java:112)
	at org.apache.maven.surefire.testng.TestNGDirectoryTestSuite.execute(TestNGDirectoryTestSuite.java:99)
	at org.apache.maven.surefire.testng.TestNGProvider.invoke(TestNGProvider.java:145)
	at org.apache.maven.surefire.booter.ForkedBooter.runSuitesInProcess(ForkedBooter.java:428)
	at org.apache.maven.surefire.booter.ForkedBooter.execute(ForkedBooter.java:162)
	at org.apache.maven.surefire.booter.ForkedBooter.run(ForkedBooter.java:562)
	at org.apache.maven.surefire.booter.ForkedBooter.main(ForkedBooter.java:548)

[INFO] 
[INFO] Results:
[INFO] 
[ERROR] Failures: 
[ERROR]   CrcUtilsTest.test1:64 expected [767270293] but found [1553571221]
[INFO] 
[ERROR] Tests run: 1, Failures: 1, Errors: 0, Skipped: 0
[INFO] 
INFO: Surefire failed when running tests for kkn4bujU0LoByan8Q3D+SdV8py2g9FyaPssnkR6FJk=
[INFO] NonDex SUMMARY:
[INFO] *********
[INFO] mvn nondex:nondex  -DnondexFilter='.*' -DnondexMode=FULL -DnondexSeed=933178 -DnondexStart=0 -DnondexEnd=9223372036854775807 -DnondexPrintstack=false -DnondexDir="/coconut/jun-data/flaky_test/repo/workspace/pinot/pinot-core/.nondex" -DnondexJarDir="/coconut/jun-data/flaky_test/repo/workspace/pinot/pinot-core/.nondex" -DnondexExecid=VwGd2bcPhxSiL74bTIWqHJqoVN9Gt7Zas04uaSaKHUk= -DnondexLogging=CONFIG
[WARNING] org.apache.pinot.core.util.CrcUtilsTest#test1
[INFO] *********
[INFO] *********
[INFO] mvn nondex:nondex  -DnondexFilter='.*' -DnondexMode=FULL -DnondexSeed=974622 -DnondexStart=0 -DnondexEnd=9223372036854775807 -DnondexPrintstack=false -DnondexDir="/coconut/jun-data/flaky_test/repo/workspace/pinot/pinot-core/.nondex" -DnondexJarDir="/coconut/jun-data/flaky_test/repo/workspace/pinot/pinot-core/.nondex" -DnondexExecid=XeGcntYPtk0KdUriYaxTWShfiYrPK9i285ftin7fM= -DnondexLogging=CONFIG
[WARNING] org.apache.pinot.core.util.CrcUtilsTest#test1
[INFO] *********
[INFO] *********
[INFO] mvn nondex:nondex  -DnondexFilter='.*' -DnondexMode=FULL -DnondexSeed=1016066 -DnondexStart=0 -DnondexEnd=9223372036854775807 -DnondexPrintstack=false -DnondexDir="/coconut/jun-data/flaky_test/repo/workspace/pinot/pinot-core/.nondex" -DnondexJarDir="/coconut/jun-data/flaky_test/repo/workspace/pinot/pinot-core/.nondex" -DnondexExecid=kkn4bujU0LoByan8Q3D+SdV8py2g9FyaPssnkR6FJk= -DnondexLogging=CONFIG
[WARNING] org.apache.pinot.core.util.CrcUtilsTest#test1
[INFO] *********
[INFO] All tests pass without NonDex shuffling
[INFO] ####################
[INFO] Across all seeds:
[INFO] org.apache.pinot.core.util.CrcUtilsTest#test1
[INFO] Test results can be found at: 
[INFO] file:///coconut/jun-data/flaky_test/repo/workspace/pinot/pinot-core/.nondex/VwGd2bcPhxSiL74bTIWqHJqoVN9Gt7Zas04uaSaKHUk=/test_results.html
[INFO] [NonDex] The id of this run is: VwGd2bcPhxSiL74bTIWqHJqoVN9Gt7Zas04uaSaKHUk=
[INFO] ------------------------------------------------------------------------
[INFO] BUILD FAILURE
[INFO] ------------------------------------------------------------------------
[INFO] Total time:  01:28 min
[INFO] Finished at: 2023-03-17T14:34:26-05:00
[INFO] ------------------------------------------------------------------------
[ERROR] Failed to execute goal edu.illinois:nondex-maven-plugin:2.1.1:nondex (default-cli) on project pinot-core: Unable to execute mojo: There are test failures.
[ERROR] 
[ERROR] Please refer to /coconut/jun-data/flaky_test/repo/workspace/pinot/pinot-core/.nondex/VwGd2bcPhxSiL74bTIWqHJqoVN9Gt7Zas04uaSaKHUk= for the individual test results.
[ERROR] Please refer to dump files (if any exist) [date].dump, [date]-jvmRun[N].dump and [date].dumpstream.
[ERROR] -> [Help 1]
[ERROR] 
[ERROR] To see the full stack trace of the errors, re-run Maven with the -e switch.
[ERROR] Re-run Maven using the -X switch to enable full debug logging.
[ERROR] 
[ERROR] For more information about the errors and possible solutions, please read the following articles:
[ERROR] [Help 1] http://cwiki.apache.org/confluence/display/MAVEN/MojoExecutionException
